2021-07-13 20:42:58 [scrapy.utils.log] INFO: Scrapy 2.5.0 started (bot: bfs_bid_results)
2021-07-13 20:42:58 [scrapy.utils.log] INFO: Versions: lxml 4.6.3.0, libxml2 2.9.10, cssselect 1.1.0, parsel 1.6.0, w3lib 1.22.0, Twisted 21.2.0, Python 3.9.6 (default, Jun 29 2021, 06:20:32) - [Clang 12.0.0 (clang-1200.0.32.29)], pyOpenSSL 20.0.1 (OpenSSL 1.1.1k  25 Mar 2021), cryptography 3.4.7, Platform macOS-10.15.7-x86_64-i386-64bit
2021-07-13 20:42:58 [scrapy.utils.log] DEBUG: Using reactor: twisted.internet.selectreactor.SelectReactor
2021-07-13 20:42:58 [scrapy.crawler] INFO: Overridden settings:
{'BOT_NAME': 'bfs_bid_results',
 'LOG_FILE': 'vuebidresults.log',
 'NEWSPIDER_MODULE': 'bfs_bid_results.spiders',
 'SPIDER_MODULES': ['bfs_bid_results.spiders'],
 'USER_AGENT': 'Mozilla/5.0 (compatible; Googlebot/2.1; '
               '+http://www.google.com/bot.html)'}
2021-07-13 20:42:58 [scrapy.extensions.telnet] INFO: Telnet Password: 2f8057e889355668
2021-07-13 20:42:58 [scrapy.middleware] INFO: Enabled extensions:
['scrapy.extensions.corestats.CoreStats',
 'scrapy.extensions.telnet.TelnetConsole',
 'scrapy.extensions.memusage.MemoryUsage',
 'scrapy.extensions.logstats.LogStats']
2021-07-13 20:42:58 [scrapy.middleware] INFO: Enabled downloader middlewares:
['scrapy.downloadermiddlewares.httpauth.HttpAuthMiddleware',
 'scrapy.downloadermiddlewares.downloadtimeout.DownloadTimeoutMiddleware',
 'scrapy.downloadermiddlewares.defaultheaders.DefaultHeadersMiddleware',
 'scrapy.downloadermiddlewares.useragent.UserAgentMiddleware',
 'scrapy.downloadermiddlewares.retry.RetryMiddleware',
 'scrapy.downloadermiddlewares.redirect.MetaRefreshMiddleware',
 'scrapy.downloadermiddlewares.httpcompression.HttpCompressionMiddleware',
 'scrapy.downloadermiddlewares.redirect.RedirectMiddleware',
 'scrapy.downloadermiddlewares.cookies.CookiesMiddleware',
 'scrapy.downloadermiddlewares.httpproxy.HttpProxyMiddleware',
 'scrapy.downloadermiddlewares.stats.DownloaderStats']
2021-07-13 20:42:58 [scrapy.middleware] INFO: Enabled spider middlewares:
['scrapy.spidermiddlewares.httperror.HttpErrorMiddleware',
 'scrapy.spidermiddlewares.offsite.OffsiteMiddleware',
 'scrapy.spidermiddlewares.referer.RefererMiddleware',
 'scrapy.spidermiddlewares.urllength.UrlLengthMiddleware',
 'scrapy.spidermiddlewares.depth.DepthMiddleware']
2021-07-13 20:42:58 [scrapy.middleware] INFO: Enabled item pipelines:
[]
2021-07-13 20:42:58 [scrapy.core.engine] INFO: Spider opened
2021-07-13 20:42:58 [scrapy.extensions.logstats] INFO: Crawled 0 pages (at 0 pages/min), scraped 0 items (at 0 items/min)
2021-07-13 20:42:58 [py.warnings] WARNING: /usr/local/lib/python3.9/site-packages/scrapy/spidermiddlewares/offsite.py:65: URLWarning: allowed_domains accepts only domains, not URLs. Ignoring URL entry http://www4.honolulu.gov/bfspurchasingbids/main in allowed_domains.
  warnings.warn(message, URLWarning)

2021-07-13 20:42:58 [scrapy.extensions.telnet] INFO: Telnet console listening on 127.0.0.1:6023
2021-07-13 20:42:59 [scrapy.core.engine] DEBUG: Crawled (200) <GET http://www4.honolulu.gov/bfspurchasingbids/main/vueBidResults.asp?sType=C> (referer: None)
2021-07-13 20:43:00 [scrapy.spidermiddlewares.offsite] DEBUG: Filtered offsite request to 'www.honolulu.gov': <GET http://www.honolulu.gov>
2021-07-13 20:43:00 [scrapy.spidermiddlewares.offsite] DEBUG: Filtered offsite request to 'www.gohawaii.com': <GET http://www.gohawaii.com/oahu>
2021-07-13 20:43:00 [scrapy.spidermiddlewares.offsite] DEBUG: Filtered offsite request to 'www4.honolulu.gov': <GET http://www4.honolulu.gov/bfspurchasingbids/main/vueOpenBids.asp?sType=C>
2021-07-13 20:43:00 [scrapy.core.engine] INFO: Closing spider (finished)
2021-07-13 20:43:00 [scrapy.statscollectors] INFO: Dumping Scrapy stats:
{'downloader/request_bytes': 303,
 'downloader/request_count': 1,
 'downloader/request_method_count/GET': 1,
 'downloader/response_bytes': 1176730,
 'downloader/response_count': 1,
 'downloader/response_status_count/200': 1,
 'elapsed_time_seconds': 1.577769,
 'finish_reason': 'finished',
 'finish_time': datetime.datetime(2021, 7, 14, 6, 43, 0, 477577),
 'log_count/DEBUG': 4,
 'log_count/INFO': 10,
 'log_count/WARNING': 1,
 'memusage/max': 53608448,
 'memusage/startup': 53608448,
 'offsite/domains': 3,
 'offsite/filtered': 2011,
 'request_depth_max': 1,
 'response_received_count': 1,
 'scheduler/dequeued': 1,
 'scheduler/dequeued/memory': 1,
 'scheduler/enqueued': 1,
 'scheduler/enqueued/memory': 1,
 'start_time': datetime.datetime(2021, 7, 14, 6, 42, 58, 899808)}
2021-07-13 20:43:00 [scrapy.core.engine] INFO: Spider closed (finished)
2021-07-13 20:44:31 [scrapy.utils.log] INFO: Scrapy 2.5.0 started (bot: bfs_bid_results)
2021-07-13 20:44:31 [scrapy.utils.log] INFO: Versions: lxml 4.6.3.0, libxml2 2.9.10, cssselect 1.1.0, parsel 1.6.0, w3lib 1.22.0, Twisted 21.2.0, Python 3.9.6 (default, Jun 29 2021, 06:20:32) - [Clang 12.0.0 (clang-1200.0.32.29)], pyOpenSSL 20.0.1 (OpenSSL 1.1.1k  25 Mar 2021), cryptography 3.4.7, Platform macOS-10.15.7-x86_64-i386-64bit
2021-07-13 20:44:31 [scrapy.utils.log] DEBUG: Using reactor: twisted.internet.selectreactor.SelectReactor
2021-07-13 20:44:31 [scrapy.crawler] INFO: Overridden settings:
{'BOT_NAME': 'bfs_bid_results',
 'LOG_FILE': 'vuebidresults.log',
 'NEWSPIDER_MODULE': 'bfs_bid_results.spiders',
 'SPIDER_MODULES': ['bfs_bid_results.spiders'],
 'USER_AGENT': 'Mozilla/5.0 (compatible; Googlebot/2.1; '
               '+http://www.google.com/bot.html)'}
2021-07-13 20:44:31 [scrapy.extensions.telnet] INFO: Telnet Password: 1b98f4f320c14c98
2021-07-13 20:44:31 [scrapy.middleware] INFO: Enabled extensions:
['scrapy.extensions.corestats.CoreStats',
 'scrapy.extensions.telnet.TelnetConsole',
 'scrapy.extensions.memusage.MemoryUsage',
 'scrapy.extensions.logstats.LogStats']
2021-07-13 20:44:31 [scrapy.middleware] INFO: Enabled downloader middlewares:
['scrapy.downloadermiddlewares.httpauth.HttpAuthMiddleware',
 'scrapy.downloadermiddlewares.downloadtimeout.DownloadTimeoutMiddleware',
 'scrapy.downloadermiddlewares.defaultheaders.DefaultHeadersMiddleware',
 'scrapy.downloadermiddlewares.useragent.UserAgentMiddleware',
 'scrapy.downloadermiddlewares.retry.RetryMiddleware',
 'scrapy.downloadermiddlewares.redirect.MetaRefreshMiddleware',
 'scrapy.downloadermiddlewares.httpcompression.HttpCompressionMiddleware',
 'scrapy.downloadermiddlewares.redirect.RedirectMiddleware',
 'scrapy.downloadermiddlewares.cookies.CookiesMiddleware',
 'scrapy.downloadermiddlewares.httpproxy.HttpProxyMiddleware',
 'scrapy.downloadermiddlewares.stats.DownloaderStats']
2021-07-13 20:44:31 [scrapy.middleware] INFO: Enabled spider middlewares:
['scrapy.spidermiddlewares.httperror.HttpErrorMiddleware',
 'scrapy.spidermiddlewares.offsite.OffsiteMiddleware',
 'scrapy.spidermiddlewares.referer.RefererMiddleware',
 'scrapy.spidermiddlewares.urllength.UrlLengthMiddleware',
 'scrapy.spidermiddlewares.depth.DepthMiddleware']
2021-07-13 20:44:31 [scrapy.middleware] INFO: Enabled item pipelines:
[]
2021-07-13 20:44:31 [scrapy.core.engine] INFO: Spider opened
2021-07-13 20:44:31 [scrapy.extensions.logstats] INFO: Crawled 0 pages (at 0 pages/min), scraped 0 items (at 0 items/min)
2021-07-13 20:44:31 [scrapy.extensions.telnet] INFO: Telnet console listening on 127.0.0.1:6023
2021-07-13 20:44:32 [scrapy.core.engine] DEBUG: Crawled (200) <GET http://www4.honolulu.gov/bfspurchasingbids/main/vueBidResults.asp?sType=C> (referer: None)
2021-07-13 20:44:33 [scrapy.spidermiddlewares.offsite] DEBUG: Filtered offsite request to 'www.honolulu.gov': <GET http://www.honolulu.gov>
2021-07-13 20:44:33 [scrapy.spidermiddlewares.offsite] DEBUG: Filtered offsite request to 'www.gohawaii.com': <GET http://www.gohawaii.com/oahu>
2021-07-13 20:44:33 [scrapy.spidermiddlewares.offsite] DEBUG: Filtered offsite request to 'www4.honolulu.gov': <GET http://www4.honolulu.gov/bfspurchasingbids/main/vueOpenBids.asp?sType=C>
2021-07-13 20:44:33 [scrapy.core.engine] INFO: Closing spider (finished)
2021-07-13 20:44:33 [scrapy.statscollectors] INFO: Dumping Scrapy stats:
{'downloader/request_bytes': 303,
 'downloader/request_count': 1,
 'downloader/request_method_count/GET': 1,
 'downloader/response_bytes': 1176730,
 'downloader/response_count': 1,
 'downloader/response_status_count/200': 1,
 'elapsed_time_seconds': 1.475053,
 'finish_reason': 'finished',
 'finish_time': datetime.datetime(2021, 7, 14, 6, 44, 33, 216645),
 'log_count/DEBUG': 4,
 'log_count/INFO': 10,
 'memusage/max': 53194752,
 'memusage/startup': 53190656,
 'offsite/domains': 3,
 'offsite/filtered': 2011,
 'request_depth_max': 1,
 'response_received_count': 1,
 'scheduler/dequeued': 1,
 'scheduler/dequeued/memory': 1,
 'scheduler/enqueued': 1,
 'scheduler/enqueued/memory': 1,
 'start_time': datetime.datetime(2021, 7, 14, 6, 44, 31, 741592)}
2021-07-13 20:44:33 [scrapy.core.engine] INFO: Spider closed (finished)
